#
# There is insufficient memory for the Java Runtime Environment to continue.
# Native memory allocation (mmap) failed to map 266338304 bytes for Failed to commit area from 0x0000000702400000 to 0x0000000712200000 of length 266338304.
# Possible reasons:
#   The system is out of physical RAM or swap space
#   The process is running with CompressedOops enabled, and the Java Heap may be blocking the growth of the native heap
# Possible solutions:
#   Reduce memory load on the system
#   Increase physical memory or swap space
#   Check if swap backing store is full
#   Decrease Java heap size (-Xmx/-Xms)
#   Decrease number of Java threads
#   Decrease Java thread stack sizes (-Xss)
#   Set larger code cache with -XX:ReservedCodeCacheSize=
# This output file may be truncated or incomplete.
#
#  Out of Memory Error (./src/hotspot/os/windows/os_windows.cpp:3387), pid=34912, tid=42332
#
# JRE version:  (11.0.14.1+1) (build )
# Java VM: OpenJDK 64-Bit Server VM (11.0.14.1+1, mixed mode, sharing, tiered, compressed oops, g1 gc, windows-amd64)
# No core dump will be written. Minidumps are not enabled by default on client versions of Windows
#

---------------  S U M M A R Y ------------

Command Line: -Dfile.encoding=UTF-8 

Host: Intel(R) Core(TM) i5-8300H CPU @ 2.30GHz, 8 cores, 15G,  Windows 11 , 64 bit Build 22621 (10.0.22621.3085)
Time: Tue Feb 20 19:04:52 2024 Œrodkowoeuropejski czas stand. elapsed time: 0.023635 seconds (0d 0h 0m 0s)

---------------  T H R E A D  ---------------

Current thread (0x00000252ceb64000):  JavaThread "Unknown thread" [_thread_in_vm, id=42332, stack(0x000000c66ec00000,0x000000c66ed00000)]

Stack: [0x000000c66ec00000,0x000000c66ed00000]
Native frames: (J=compiled Java code, j=interpreted, Vv=VM code, C=native code)
V  [jvm.dll+0x61e59a]
V  [jvm.dll+0x7aaca9]
V  [jvm.dll+0x7ac398]
V  [jvm.dll+0x7aca73]
V  [jvm.dll+0x24f9b8]
V  [jvm.dll+0x61b83a]
V  [jvm.dll+0x6100c5]
V  [jvm.dll+0x30772c]
V  [jvm.dll+0x3075b2]
V  [jvm.dll+0x30c2d6]
V  [jvm.dll+0x35272f]
V  [jvm.dll+0x352160]
V  [jvm.dll+0x2e4728]
V  [jvm.dll+0x2e5886]
V  [jvm.dll+0x784b07]
V  [jvm.dll+0x78628f]
V  [jvm.dll+0x35f479]
V  [jvm.dll+0x767aa0]
V  [jvm.dll+0x3ccf1f]
V  [jvm.dll+0x3cf2b1]
C  [jli.dll+0x5207]
C  [ucrtbase.dll+0x29363]
C  [KERNEL32.DLL+0x1257d]
C  [ntdll.dll+0x5aa58]


---------------  P R O C E S S  ---------------

Threads class SMR info:
_java_thread_list=0x00000252cc8f6780, length=0, elements={
}

Java Threads: ( => current thread )

Other Threads:
  0x00000252cc9cd000 GCTaskThread "GC Thread#0" [stack: 0x000000c66ed00000,0x000000c66ee00000] [id=42452]
  0x00000252cebd8000 ConcurrentGCThread "G1 Main Marker" [stack: 0x000000c66ee00000,0x000000c66ef00000] [id=42856]
  0x00000252cebd9800 ConcurrentGCThread "G1 Conc#0" [stack: 0x000000c66ef00000,0x000000c66f000000] [id=42732]

[error occurred during error reporting (printing all threads), id 0xc0000005, EXCEPTION_ACCESS_VIOLATION (0xc0000005) at pc=0x00007ff8ba983ef7]

VM state:not at safepoint (not fully initialized)

VM Mutex/Monitor currently owned by a thread:  ([mutex/lock_event])
[0x00000252ceb60d70] Heap_lock - owner thread: 0x00000252ceb64000

Heap address: 0x0000000702400000, size: 4060 MB, Compressed Oops mode: Non-zero based: 0x0000000702400000
Narrow klass base: 0x0000000000000000, Narrow klass shift: 0

GC Heap History (0 events):
No events

Deoptimization events (0 events):
No events

Classes redefined (0 events):
No events

Internal exceptions (0 events):
No events

Events (1 events):
Event: 0.016 Loaded shared library C:\Users\borow\OneDrive\Dokumenty\My Games\2022.3.15f1\Editor\Data\PlaybackEngines\AndroidPlayer\OpenJDK\bin\zip.dll


Dynamic libraries:
0x00007ff6a7120000 - 0x00007ff6a712d000 	C:\Users\borow\OneDrive\Dokumenty\My Games\2022.3.15f1\Editor\Data\PlaybackEngines\AndroidPlayer\OpenJDK\bin\java.exe
0x00007ff9a8dd0000 - 0x00007ff9a8fe7000 	C:\WINDOWS\SYSTEM32\ntdll.dll
0x00007ff9a75c0000 - 0x00007ff9a7684000 	C:\WINDOWS\System32\KERNEL32.DLL
0x00007ff9a6770000 - 0x00007ff9a6b16000 	C:\WINDOWS\System32\KERNELBASE.dll
0x00007ff9a6270000 - 0x00007ff9a6381000 	C:\WINDOWS\System32\ucrtbase.dll
0x00007ff99e790000 - 0x00007ff99e7a7000 	C:\Users\borow\OneDrive\Dokumenty\My Games\2022.3.15f1\Editor\Data\PlaybackEngines\AndroidPlayer\OpenJDK\bin\jli.dll
0x00007ff99e760000 - 0x00007ff99e775000 	C:\Users\borow\OneDrive\Dokumenty\My Games\2022.3.15f1\Editor\Data\PlaybackEngines\AndroidPlayer\OpenJDK\bin\VCRUNTIME140.dll
0x00007ff9a71e0000 - 0x00007ff9a738e000 	C:\WINDOWS\System32\USER32.dll
0x00007ff9a6400000 - 0x00007ff9a6426000 	C:\WINDOWS\System32\win32u.dll
0x00007ff9a73f0000 - 0x00007ff9a7419000 	C:\WINDOWS\System32\GDI32.dll
0x00007ff98ffe0000 - 0x00007ff990273000 	C:\WINDOWS\WinSxS\amd64_microsoft.windows.common-controls_6595b64144ccf1df_6.0.22621.2506_none_270c5ae97388e100\COMCTL32.dll
0x00007ff9a64e0000 - 0x00007ff9a65f8000 	C:\WINDOWS\System32\gdi32full.dll
0x00007ff9a7420000 - 0x00007ff9a74c7000 	C:\WINDOWS\System32\msvcrt.dll
0x00007ff9a6110000 - 0x00007ff9a61aa000 	C:\WINDOWS\System32\msvcp_win.dll
0x00007ff9a6be0000 - 0x00007ff9a6c11000 	C:\WINDOWS\System32\IMM32.DLL
0x00007ff9686a0000 - 0x00007ff96873b000 	C:\Users\borow\OneDrive\Dokumenty\My Games\2022.3.15f1\Editor\Data\PlaybackEngines\AndroidPlayer\OpenJDK\bin\msvcp140.dll
0x00007ff8ba690000 - 0x00007ff8bb211000 	C:\Users\borow\OneDrive\Dokumenty\My Games\2022.3.15f1\Editor\Data\PlaybackEngines\AndroidPlayer\OpenJDK\bin\server\jvm.dll
0x00007ff9a6b20000 - 0x00007ff9a6bd3000 	C:\WINDOWS\System32\ADVAPI32.dll
0x00007ff9a7ea0000 - 0x00007ff9a7f48000 	C:\WINDOWS\System32\sechost.dll
0x00007ff9a6430000 - 0x00007ff9a6458000 	C:\WINDOWS\System32\bcrypt.dll
0x00007ff9a87c0000 - 0x00007ff9a88d7000 	C:\WINDOWS\System32\RPCRT4.dll
0x00007ff9a75b0000 - 0x00007ff9a75b8000 	C:\WINDOWS\System32\PSAPI.DLL
0x00007ff99d5b0000 - 0x00007ff99d5e4000 	C:\WINDOWS\SYSTEM32\WINMM.dll
0x00007ff980110000 - 0x00007ff980119000 	C:\WINDOWS\SYSTEM32\WSOCK32.dll
0x00007ff99aca0000 - 0x00007ff99acaa000 	C:\WINDOWS\SYSTEM32\VERSION.dll
0x00007ff9a8b90000 - 0x00007ff9a8c01000 	C:\WINDOWS\System32\WS2_32.dll
0x00007ff9a5200000 - 0x00007ff9a5218000 	C:\WINDOWS\SYSTEM32\kernel.appcore.dll
0x00007ff99e690000 - 0x00007ff99e6a0000 	C:\Users\borow\OneDrive\Dokumenty\My Games\2022.3.15f1\Editor\Data\PlaybackEngines\AndroidPlayer\OpenJDK\bin\verify.dll
0x00007ff9a3950000 - 0x00007ff9a3b83000 	C:\WINDOWS\SYSTEM32\DBGHELP.DLL
0x00007ff9a7690000 - 0x00007ff9a7a19000 	C:\WINDOWS\System32\combase.dll
0x00007ff9a74d0000 - 0x00007ff9a75a7000 	C:\WINDOWS\System32\OLEAUT32.dll
0x00007ff97e6a0000 - 0x00007ff97e6d2000 	C:\WINDOWS\SYSTEM32\dbgcore.DLL
0x00007ff9a6460000 - 0x00007ff9a64da000 	C:\WINDOWS\System32\bcryptPrimitives.dll
0x00007ff97b7b0000 - 0x00007ff97b7d8000 	C:\Users\borow\OneDrive\Dokumenty\My Games\2022.3.15f1\Editor\Data\PlaybackEngines\AndroidPlayer\OpenJDK\bin\java.dll
0x00007ff99e670000 - 0x00007ff99e67a000 	C:\Users\borow\OneDrive\Dokumenty\My Games\2022.3.15f1\Editor\Data\PlaybackEngines\AndroidPlayer\OpenJDK\bin\jimage.dll
0x00007ff99e620000 - 0x00007ff99e638000 	C:\Users\borow\OneDrive\Dokumenty\My Games\2022.3.15f1\Editor\Data\PlaybackEngines\AndroidPlayer\OpenJDK\bin\zip.dll

dbghelp: loaded successfully - version: 4.0.5 - missing functions: none
symbol engine: initialized successfully - sym options: 0x614 - pdb path: .;C:\Users\borow\OneDrive\Dokumenty\My Games\2022.3.15f1\Editor\Data\PlaybackEngines\AndroidPlayer\OpenJDK\bin;C:\WINDOWS\SYSTEM32;C:\WINDOWS\WinSxS\amd64_microsoft.windows.common-controls_6595b64144ccf1df_6.0.22621.2506_none_270c5ae97388e100;C:\Users\borow\OneDrive\Dokumenty\My Games\2022.3.15f1\Editor\Data\PlaybackEngines\AndroidPlayer\OpenJDK\bin\server

VM Arguments:
jvm_args: -Dfile.encoding=UTF-8 
java_command: <unknown>
java_class_path (initial): <not set>
Launcher Type: SUN_STANDARD

[Global flags]
     intx CICompilerCount                          = 4                                         {product} {ergonomic}
     uint ConcGCThreads                            = 2                                         {product} {ergonomic}
     uint G1ConcRefinementThreads                  = 8                                         {product} {ergonomic}
   size_t G1HeapRegionSize                         = 1048576                                   {product} {ergonomic}
    uintx GCDrainStackTargetSize                   = 64                                        {product} {ergonomic}
   size_t InitialHeapSize                          = 266338304                                 {product} {ergonomic}
   size_t MarkStackSize                            = 4194304                                   {product} {ergonomic}
   size_t MaxHeapSize                              = 4257218560                                {product} {ergonomic}
   size_t MinHeapDeltaBytes                        = 1048576                                   {product} {ergonomic}
    uintx NonNMethodCodeHeapSize                   = 5836300                                {pd product} {ergonomic}
    uintx NonProfiledCodeHeapSize                  = 122910970                              {pd product} {ergonomic}
    uintx ProfiledCodeHeapSize                     = 122910970                              {pd product} {ergonomic}
    uintx ReservedCodeCacheSize                    = 251658240                              {pd product} {ergonomic}
     bool SegmentedCodeCache                       = true                                      {product} {ergonomic}
     bool UseCompressedClassPointers               = true                                 {lp64_product} {ergonomic}
     bool UseCompressedOops                        = true                                 {lp64_product} {ergonomic}
     bool UseG1GC                                  = true                                      {product} {ergonomic}
     bool UseLargePagesIndividualAllocation        = false                                  {pd product} {ergonomic}

Logging:
Log output configuration:
 #0: stdout all=warning uptime,level,tags
 #1: stderr all=off uptime,level,tags

Environment Variables:
JAVA_TOOL_OPTIONS=-Dfile.encoding=UTF-8
PATH=C:\Program Files (x86)\Intel\Intel(R) Management Engine Components\iCLS\;C:\Program Files\Intel\Intel(R) Management Engine Components\iCLS\;C:\Windows\system32;C:\Windows;C:\Windows\System32\Wbem;C:\Windows\System32\WindowsPowerShell\v1.0\;C:\Windows\System32\OpenSSH\;C:\Program Files (x86)\Intel\Intel(R) Management Engine Components\DAL;C:\Program Files\Intel\Intel(R) Management Engine Components\DAL;C:\Program Files (x86)\NVIDIA Corporation\PhysX\Common;C:\Program Files\Intel\WiFi\bin\;C:\Program Files\Common Files\Intel\WirelessCommon\;C:\WINDOWS\system32;C:\WINDOWS;C:\WINDOWS\System32\Wbem;C:\WINDOWS\System32\WindowsPowerShell\v1.0\;C:\WINDOWS\System32\OpenSSH\;C:\Program Files\Microsoft SQL Server\150\Tools\Binn\;C:\Program Files\Microsoft SQL Server\Client SDK\ODBC\170\Tools\Binn\;C:\Program Files\NVIDIA Corporation\NVIDIA NvDLISR;C:\Program Files\dotnet\;C:\WINDOWS\system32;C:\WINDOWS;C:\WINDOWS\System32\Wbem;C:\WINDOWS\System32\WindowsPowerShell\v1.0\;C:\WINDOWS\System32\OpenSSH\;C:\Program Files\Git\cmd;C:\Users\borow\AppData\Local\Microsoft\WindowsApps;C:\Users\borow\AppData\Local\GitHubDesktop\bin;C:\Users\borow\.dotnet\tools
USERNAME=borow
OS=Windows_NT
PROCESSOR_IDENTIFIER=Intel64 Family 6 Model 158 Stepping 10, GenuineIntel



---------------  S Y S T E M  ---------------

OS: Windows 11 , 64 bit Build 22621 (10.0.22621.3085)
OS uptime: 0 days 2:29 hours
Hyper-V role detected

CPU:total 8 (initial active 8) (4 cores per cpu, 2 threads per core) family 6 model 158 stepping 10 microcode 0xde, cmov, cx8, fxsr, mmx, sse, sse2, sse3, ssse3, sse4.1, sse4.2, popcnt, avx, avx2, aes, clmul, erms, 3dnowpref, lzcnt, ht, tsc, tscinvbit, bmi1, bmi2, adx, fma

Memory: 4k page, system-wide physical 16239M (2514M free)
TotalPageFile size 19239M (AvailPageFile size 185M)
current process WorkingSet (physical memory assigned to process): 11M, peak: 11M
current process commit charge ("private bytes"): 61M, peak: 315M

vm_info: OpenJDK 64-Bit Server VM (11.0.14.1+1) for windows-amd64 JRE (11.0.14.1+1), built on Feb  9 2022 01:48:27 by "" with unknown MS VC++:1916

END.
